<?xml version="1.0" encoding="UTF-8"?>
<!-- Generated by org.testng.reporters.JUnitXMLReporter -->
<testsuite ignored="0" hostname="DESKTOP-O207API" failures="0" tests="3" name="Default test" time="4.445" errors="0" timestamp="2022-07-05T15:31:08 IST">
  <testcase classname="interviewProgram.testNG" name="negativen" time="0.009"/>
  <testcase classname="interviewProgram.testNG" name="niszero" time="0.003"/>
  <testcase classname="interviewProgram.testNG" name="sumn" time="0.001"/>
</testsuite> <!-- Default test -->
