<?xml version="1.0" encoding="UTF-8"?>
<testng-results ignored="0" total="3" passed="3" failed="0" skipped="0">
  <reporter-output>
  </reporter-output>
  <suite started-at="2022-07-05T15:31:03 IST" name="Default suite" finished-at="2022-07-05T15:31:08 IST" duration-ms="4445">
    <groups>
    </groups>
    <test started-at="2022-07-05T15:31:03 IST" name="Default test" finished-at="2022-07-05T15:31:08 IST" duration-ms="4445">
      <class name="interviewProgram.testNG">
        <test-method is-config="true" signature="getn()[pri:0, instance:interviewProgram.testNG@4e096385]" started-at="2022-07-05T15:31:03 IST" name="getn" finished-at="2022-07-05T15:31:08 IST" duration-ms="4359" status="PASS">
          <reporter-output>
          </reporter-output>
        </test-method> <!-- getn -->
        <test-method signature="negativen()[pri:0, instance:interviewProgram.testNG@4e096385]" started-at="2022-07-05T15:31:08 IST" name="negativen" finished-at="2022-07-05T15:31:08 IST" duration-ms="9" status="PASS">
          <reporter-output>
          </reporter-output>
        </test-method> <!-- negativen -->
        <test-method signature="niszero()[pri:0, instance:interviewProgram.testNG@4e096385]" started-at="2022-07-05T15:31:08 IST" name="niszero" finished-at="2022-07-05T15:31:08 IST" duration-ms="3" status="PASS">
          <reporter-output>
          </reporter-output>
        </test-method> <!-- niszero -->
        <test-method signature="sumn()[pri:0, instance:interviewProgram.testNG@4e096385]" started-at="2022-07-05T15:31:08 IST" name="sumn" finished-at="2022-07-05T15:31:08 IST" duration-ms="1" status="PASS">
          <reporter-output>
          </reporter-output>
        </test-method> <!-- sumn -->
        <test-method is-config="true" signature="printsum()[pri:0, instance:interviewProgram.testNG@4e096385]" started-at="2022-07-05T15:31:08 IST" name="printsum" finished-at="2022-07-05T15:31:08 IST" duration-ms="1" status="PASS">
          <reporter-output>
          </reporter-output>
        </test-method> <!-- printsum -->
      </class> <!-- interviewProgram.testNG -->
    </test> <!-- Default test -->
  </suite> <!-- Default suite -->
</testng-results>
